This file contains any messages produced by compilers while
running configure, to aid debugging if configure makes a mistake.

It was created by tk configure 8.6, which was
generated by GNU Autoconf 2.59.  Invocation command line was

  $ ./configure 

## --------- ##
## Platform. ##
## --------- ##

hostname = raspberrypi
uname -m = armv7l
uname -r = 4.14.70-v7+
uname -s = Linux
uname -v = #1144 SMP Tue Sep 18 17:34:46 BST 2018

/usr/bin/uname -p = unknown
/bin/uname -X     = unknown

/bin/arch              = unknown
/usr/bin/arch -k       = unknown
/usr/convex/getsysinfo = unknown
hostinfo               = unknown
/bin/machine           = unknown
/usr/bin/oslevel       = unknown
/bin/universe          = unknown

PATH: /usr/local/sbin
PATH: /usr/local/bin
PATH: /usr/sbin
PATH: /usr/bin
PATH: /sbin
PATH: /bin


## ----------- ##
## Core tests. ##
## ----------- ##

configure:1365: checking for Tcl configuration
configure:1470: result: found /home/pi/Downloads/tcl8.6.8/unix/tclConfig.sh
configure:1476: checking for existence of /home/pi/Downloads/tcl8.6.8/unix/tclConfig.sh
configure:1480: result: loading
configure:1561: checking for tclsh
configure:1585: result: /usr/local/bin/tclsh8.6
configure:1596: checking for tclsh in Tcl build directory
configure:1599: result: /home/pi/Downloads/tcl8.6.8/unix/tclsh
configure:1623: checking whether to use symlinks for manpages
configure:1632: result: no
configure:1635: checking whether to compress the manpages
configure:1650: result: no
configure:1664: checking whether to add a package name suffix for the manpages
configure:1677: result: no
configure:1739: checking for gcc
configure:1755: found /usr/bin/gcc
configure:1765: result: gcc
configure:2009: checking for C compiler version
configure:2012: gcc --version </dev/null >&5
gcc (Raspbian 6.3.0-18+rpi1+deb9u1) 6.3.0 20170516
Copyright (C) 2016 Free Software Foundation, Inc.
This is free software; see the source for copying conditions.  There is NO
warranty; not even for MERCHANTABILITY or FITNESS FOR A PARTICULAR PURPOSE.

configure:2015: $? = 0
configure:2017: gcc -v </dev/null >&5
Using built-in specs.
COLLECT_GCC=gcc
COLLECT_LTO_WRAPPER=/usr/lib/gcc/arm-linux-gnueabihf/6/lto-wrapper
Target: arm-linux-gnueabihf
Configured with: ../src/configure -v --with-pkgversion='Raspbian 6.3.0-18+rpi1+deb9u1' --with-bugurl=file:///usr/share/doc/gcc-6/README.Bugs --enable-languages=c,ada,c++,java,go,d,fortran,objc,obj-c++ --prefix=/usr --program-suffix=-6 --program-prefix=arm-linux-gnueabihf- --enable-shared --enable-linker-build-id --libexecdir=/usr/lib --without-included-gettext --enable-threads=posix --libdir=/usr/lib --enable-nls --with-sysroot=/ --enable-clocale=gnu --enable-libstdcxx-debug --enable-libstdcxx-time=yes --with-default-libstdcxx-abi=new --enable-gnu-unique-object --disable-libitm --disable-libquadmath --enable-plugin --with-system-zlib --disable-browser-plugin --enable-java-awt=gtk --enable-gtk-cairo --with-java-home=/usr/lib/jvm/java-1.5.0-gcj-6-armhf/jre --enable-java-home --with-jvm-root-dir=/usr/lib/jvm/java-1.5.0-gcj-6-armhf --with-jvm-jar-dir=/usr/lib/jvm-exports/java-1.5.0-gcj-6-armhf --with-arch-directory=arm --with-ecj-jar=/usr/share/java/eclipse-ecj.jar --with-target-system-zlib --enable-objc-gc=auto --enable-multiarch --disable-sjlj-exceptions --with-arch=armv6 --with-fpu=vfp --with-float=hard --enable-checking=release --build=arm-linux-gnueabihf --host=arm-linux-gnueabihf --target=arm-linux-gnueabihf
Thread model: posix
gcc version 6.3.0 20170516 (Raspbian 6.3.0-18+rpi1+deb9u1) 
configure:2020: $? = 0
configure:2022: gcc -V </dev/null >&5
gcc: error: unrecognized command line option '-V'
gcc: fatal error: no input files
compilation terminated.
configure:2025: $? = 1
configure:2048: checking for C compiler default output file name
configure:2051: gcc    conftest.c  >&5
configure:2054: $? = 0
configure:2100: result: a.out
configure:2105: checking whether the C compiler works
configure:2111: ./a.out
configure:2114: $? = 0
configure:2131: result: yes
configure:2138: checking whether we are cross compiling
configure:2140: result: no
configure:2143: checking for suffix of executables
configure:2145: gcc -o conftest    conftest.c  >&5
configure:2148: $? = 0
configure:2173: result: 
configure:2179: checking for suffix of object files
configure:2200: gcc -c   conftest.c >&5
configure:2203: $? = 0
configure:2225: result: o
configure:2229: checking whether we are using the GNU C compiler
configure:2253: gcc -c   conftest.c >&5
configure:2259: $? = 0
configure:2263: test -z 
			 || test ! -s conftest.err
configure:2266: $? = 0
configure:2269: test -s conftest.o
configure:2272: $? = 0
configure:2285: result: yes
configure:2291: checking whether gcc accepts -g
configure:2312: gcc -c -g  conftest.c >&5
configure:2318: $? = 0
configure:2322: test -z 
			 || test ! -s conftest.err
configure:2325: $? = 0
configure:2328: test -s conftest.o
configure:2331: $? = 0
configure:2342: result: yes
configure:2359: checking for gcc option to accept ANSI C
configure:2429: gcc  -c   conftest.c >&5
configure:2435: $? = 0
configure:2439: test -z 
			 || test ! -s conftest.err
configure:2442: $? = 0
configure:2445: test -s conftest.o
configure:2448: $? = 0
configure:2466: result: none needed
configure:2484: gcc -c   conftest.c >&5
conftest.c:2:3: error: unknown type name 'choke'
   choke me
   ^~~~~
conftest.c:2:3: error: expected '=', ',', ';', 'asm' or '__attribute__' at end of input
configure:2490: $? = 1
configure: failed program was:
| #ifndef __cplusplus
|   choke me
| #endif
configure:2624: checking for inline
configure:2645: gcc -c   conftest.c >&5
configure:2651: $? = 0
configure:2655: test -z 
			 || test ! -s conftest.err
configure:2658: $? = 0
configure:2661: test -s conftest.o
configure:2664: $? = 0
configure:2676: result: inline
configure:2706: checking how to run the C preprocessor
configure:2741: gcc -E  conftest.c
configure:2747: $? = 0
configure:2779: gcc -E  conftest.c
conftest.c:9:28: fatal error: ac_nonexistent.h: No such file or directory
 #include <ac_nonexistent.h>
                            ^
compilation terminated.
configure:2785: $? = 1
configure: failed program was:
| /* confdefs.h.  */
| 
| #define PACKAGE_NAME "tk"
| #define PACKAGE_TARNAME "tk"
| #define PACKAGE_VERSION "8.6"
| #define PACKAGE_STRING "tk 8.6"
| #define PACKAGE_BUGREPORT ""
| /* end confdefs.h.  */
| #include <ac_nonexistent.h>
configure:2824: result: gcc -E
configure:2848: gcc -E  conftest.c
configure:2854: $? = 0
configure:2886: gcc -E  conftest.c
conftest.c:9:28: fatal error: ac_nonexistent.h: No such file or directory
 #include <ac_nonexistent.h>
                            ^
compilation terminated.
configure:2892: $? = 1
configure: failed program was:
| /* confdefs.h.  */
| 
| #define PACKAGE_NAME "tk"
| #define PACKAGE_TARNAME "tk"
| #define PACKAGE_VERSION "8.6"
| #define PACKAGE_STRING "tk 8.6"
| #define PACKAGE_BUGREPORT ""
| /* end confdefs.h.  */
| #include <ac_nonexistent.h>
configure:2936: checking for egrep
configure:2946: result: grep -E
configure:2951: checking for ANSI C header files
configure:2976: gcc -c   conftest.c >&5
configure:2982: $? = 0
configure:2986: test -z 
			 || test ! -s conftest.err
configure:2989: $? = 0
configure:2992: test -s conftest.o
configure:2995: $? = 0
configure:3084: gcc -o conftest    conftest.c  >&5
conftest.c: In function 'main':
conftest.c:26:7: warning: implicit declaration of function 'exit' [-Wimplicit-function-declaration]
       exit(2);
       ^~~~
conftest.c:26:7: warning: incompatible implicit declaration of built-in function 'exit'
conftest.c:26:7: note: include '<stdlib.h>' or provide a declaration of 'exit'
conftest.c:27:3: warning: incompatible implicit declaration of built-in function 'exit'
   exit (0);
   ^~~~
conftest.c:27:3: note: include '<stdlib.h>' or provide a declaration of 'exit'
configure:3087: $? = 0
configure:3089: ./conftest
configure:3092: $? = 0
configure:3107: result: yes
configure:3131: checking for sys/types.h
configure:3147: gcc -c   conftest.c >&5
configure:3153: $? = 0
configure:3157: test -z 
			 || test ! -s conftest.err
configure:3160: $? = 0
configure:3163: test -s conftest.o
configure:3166: $? = 0
configure:3177: result: yes
configure:3131: checking for sys/stat.h
configure:3147: gcc -c   conftest.c >&5
configure:3153: $? = 0
configure:3157: test -z 
			 || test ! -s conftest.err
configure:3160: $? = 0
configure:3163: test -s conftest.o
configure:3166: $? = 0
configure:3177: result: yes
configure:3131: checking for stdlib.h
configure:3147: gcc -c   conftest.c >&5
configure:3153: $? = 0
configure:3157: test -z 
			 || test ! -s conftest.err
configure:3160: $? = 0
configure:3163: test -s conftest.o
configure:3166: $? = 0
configure:3177: result: yes
configure:3131: checking for string.h
configure:3147: gcc -c   conftest.c >&5
configure:3153: $? = 0
configure:3157: test -z 
			 || test ! -s conftest.err
configure:3160: $? = 0
configure:3163: test -s conftest.o
configure:3166: $? = 0
configure:3177: result: yes
configure:3131: checking for memory.h
configure:3147: gcc -c   conftest.c >&5
configure:3153: $? = 0
configure:3157: test -z 
			 || test ! -s conftest.err
configure:3160: $? = 0
configure:3163: test -s conftest.o
configure:3166: $? = 0
configure:3177: result: yes
configure:3131: checking for strings.h
configure:3147: gcc -c   conftest.c >&5
configure:3153: $? = 0
configure:3157: test -z 
			 || test ! -s conftest.err
configure:3160: $? = 0
configure:3163: test -s conftest.o
configure:3166: $? = 0
configure:3177: result: yes
configure:3131: checking for inttypes.h
configure:3147: gcc -c   conftest.c >&5
configure:3153: $? = 0
configure:3157: test -z 
			 || test ! -s conftest.err
configure:3160: $? = 0
configure:3163: test -s conftest.o
configure:3166: $? = 0
configure:3177: result: yes
configure:3131: checking for stdint.h
configure:3147: gcc -c   conftest.c >&5
configure:3153: $? = 0
configure:3157: test -z 
			 || test ! -s conftest.err
configure:3160: $? = 0
configure:3163: test -s conftest.o
configure:3166: $? = 0
configure:3177: result: yes
configure:3131: checking for unistd.h
configure:3147: gcc -c   conftest.c >&5
configure:3153: $? = 0
configure:3157: test -z 
			 || test ! -s conftest.err
configure:3160: $? = 0
configure:3163: test -s conftest.o
configure:3166: $? = 0
configure:3177: result: yes
configure:3190: checking for stdlib.h
configure:3195: result: yes
configure:3398: checking if the compiler understands -pipe
configure:3421: gcc -c  -pipe  conftest.c >&5
configure:3427: $? = 0
configure:3431: test -z 
			 || test ! -s conftest.err
configure:3434: $? = 0
configure:3437: test -s conftest.o
configure:3440: $? = 0
configure:3452: result: yes
configure:3502: checking for pthread_mutex_init in -lpthread
configure:3532: gcc -o conftest  -pipe   conftest.c -lpthread   >&5
configure:3538: $? = 0
configure:3542: test -z 
			 || test ! -s conftest.err
configure:3545: $? = 0
configure:3548: test -s conftest
configure:3551: $? = 0
configure:3564: result: yes
configure:3891: checking for pthread_attr_setstacksize
configure:3948: gcc -o conftest  -pipe   conftest.c   -lpthread >&5
configure:3954: $? = 0
configure:3958: test -z 
			 || test ! -s conftest.err
configure:3961: $? = 0
configure:3964: test -s conftest
configure:3967: $? = 0
configure:3979: result: yes
configure:3891: checking for pthread_atfork
configure:3948: gcc -o conftest  -pipe   conftest.c   -lpthread >&5
configure:3954: $? = 0
configure:3958: test -z 
			 || test ! -s conftest.err
configure:3961: $? = 0
configure:3964: test -s conftest
configure:3967: $? = 0
configure:3979: result: yes
configure:3994: checking for building with threads
configure:4003: result: yes (threaded core)
configure:4021: checking how to build libraries
configure:4039: result: shared
configure:4101: checking for ranlib
configure:4117: found /usr/bin/ranlib
configure:4128: result: ranlib
configure:4144: checking if 64bit support is requested
configure:4153: result: no
configure:4158: checking if 64bit Sparc VIS support is requested
configure:4167: result: no
configure:4178: checking if compiler supports visibility "hidden"
configure:4203: gcc -o conftest  -pipe -Werror   conftest.c  -lpthread >&5
configure:4209: $? = 0
configure:4213: test -z 
			 || test ! -s conftest.err
configure:4216: $? = 0
configure:4219: test -s conftest
configure:4222: $? = 0
configure:4235: result: yes
configure:4255: checking if rpath support is requested
configure:4264: result: yes
configure:4271: checking system version
configure:4299: result: Linux-4.14.70-v7+
configure:4307: checking for dlopen in -ldl
configure:4337: gcc -o conftest  -pipe   conftest.c -ldl   -lpthread >&5
configure:4343: $? = 0
configure:4347: test -z 
			 || test ! -s conftest.err
configure:4350: $? = 0
configure:4353: test -s conftest
configure:4356: $? = 0
configure:4369: result: yes
configure:4450: checking for ar
configure:4466: found /usr/bin/ar
configure:4476: result: ar
configure:6719: checking for cast to union support
configure:6743: gcc -c  -pipe  conftest.c >&5
configure:6749: $? = 0
configure:6753: test -z 
			 || test ! -s conftest.err
configure:6756: $? = 0
configure:6759: test -s conftest.o
configure:6762: $? = 0
configure:6774: result: yes
configure:6826: checking for build with symbols
configure:6845: result: no
configure:6889: checking for required early compiler flags
configure:6912: gcc -c  -pipe  conftest.c >&5
configure:6918: $? = 0
configure:6922: test -z 
			 || test ! -s conftest.err
configure:6925: $? = 0
configure:6928: test -s conftest.o
configure:6931: $? = 0
configure:7017: gcc -c  -pipe  conftest.c >&5
conftest.c: In function 'main':
conftest.c:35:15: error: storage size of 'buf' isn't known
 struct stat64 buf; int i = stat64("/", &buf);
               ^~~
conftest.c:35:28: warning: implicit declaration of function 'stat64' [-Wimplicit-function-declaration]
 struct stat64 buf; int i = stat64("/", &buf);
                            ^~~~~~
configure:7023: $? = 1
configure: failed program was:
| /* confdefs.h.  */
| 
| #define PACKAGE_NAME "tk"
| #define PACKAGE_TARNAME "tk"
| #define PACKAGE_VERSION "8.6"
| #define PACKAGE_STRING "tk 8.6"
| #define PACKAGE_BUGREPORT ""
| #define STDC_HEADERS 1
| #define HAVE_SYS_TYPES_H 1
| #define HAVE_SYS_STAT_H 1
| #define HAVE_STDLIB_H 1
| #define HAVE_STRING_H 1
| #define HAVE_MEMORY_H 1
| #define HAVE_STRINGS_H 1
| #define HAVE_INTTYPES_H 1
| #define HAVE_STDINT_H 1
| #define HAVE_UNISTD_H 1
| #define USE_THREAD_ALLOC 1
| #define _REENTRANT 1
| #define _THREAD_SAFE 1
| #define HAVE_PTHREAD_ATTR_SETSTACKSIZE 1
| #define HAVE_PTHREAD_ATFORK 1
| #define TCL_THREADS 1
| #define MODULE_SCOPE extern __attribute__((__visibility__("hidden")))
| #define HAVE_HIDDEN 1
| #define HAVE_CAST_TO_UNION 1
| #define TCL_SHLIB_EXT ".so"
| #define NDEBUG 1
| #define TCL_CFG_OPTIMIZED 1
| /* end confdefs.h.  */
| #include <sys/stat.h>
| int
| main ()
| {
| struct stat64 buf; int i = stat64("/", &buf);
|   ;
|   return 0;
| }
configure:7060: gcc -c  -pipe  conftest.c >&5
configure:7066: $? = 0
configure:7070: test -z 
			 || test ! -s conftest.err
configure:7073: $? = 0
configure:7076: test -s conftest.o
configure:7079: $? = 0
configure:7122: gcc -c  -pipe  conftest.c >&5
conftest.c: In function 'main':
conftest.c:36:19: error: 'open64' undeclared (first use in this function)
 char *p = (char *)open64;
                   ^~~~~~
conftest.c:36:19: note: each undeclared identifier is reported only once for each function it appears in
configure:7128: $? = 1
configure: failed program was:
| /* confdefs.h.  */
| 
| #define PACKAGE_NAME "tk"
| #define PACKAGE_TARNAME "tk"
| #define PACKAGE_VERSION "8.6"
| #define PACKAGE_STRING "tk 8.6"
| #define PACKAGE_BUGREPORT ""
| #define STDC_HEADERS 1
| #define HAVE_SYS_TYPES_H 1
| #define HAVE_SYS_STAT_H 1
| #define HAVE_STDLIB_H 1
| #define HAVE_STRING_H 1
| #define HAVE_MEMORY_H 1
| #define HAVE_STRINGS_H 1
| #define HAVE_INTTYPES_H 1
| #define HAVE_STDINT_H 1
| #define HAVE_UNISTD_H 1
| #define USE_THREAD_ALLOC 1
| #define _REENTRANT 1
| #define _THREAD_SAFE 1
| #define HAVE_PTHREAD_ATTR_SETSTACKSIZE 1
| #define HAVE_PTHREAD_ATFORK 1
| #define TCL_THREADS 1
| #define MODULE_SCOPE extern __attribute__((__visibility__("hidden")))
| #define HAVE_HIDDEN 1
| #define HAVE_CAST_TO_UNION 1
| #define TCL_SHLIB_EXT ".so"
| #define NDEBUG 1
| #define TCL_CFG_OPTIMIZED 1
| #define _LARGEFILE64_SOURCE 1
| /* end confdefs.h.  */
| #include <sys/stat.h>
| int
| main ()
| {
| char *p = (char *)open64;
|   ;
|   return 0;
| }
configure:7165: gcc -c  -pipe  conftest.c >&5
conftest.c: In function 'main':
conftest.c:37:19: error: 'open64' undeclared (first use in this function)
 char *p = (char *)open64;
                   ^~~~~~
conftest.c:37:19: note: each undeclared identifier is reported only once for each function it appears in
configure:7171: $? = 1
configure: failed program was:
| /* confdefs.h.  */
| 
| #define PACKAGE_NAME "tk"
| #define PACKAGE_TARNAME "tk"
| #define PACKAGE_VERSION "8.6"
| #define PACKAGE_STRING "tk 8.6"
| #define PACKAGE_BUGREPORT ""
| #define STDC_HEADERS 1
| #define HAVE_SYS_TYPES_H 1
| #define HAVE_SYS_STAT_H 1
| #define HAVE_STDLIB_H 1
| #define HAVE_STRING_H 1
| #define HAVE_MEMORY_H 1
| #define HAVE_STRINGS_H 1
| #define HAVE_INTTYPES_H 1
| #define HAVE_STDINT_H 1
| #define HAVE_UNISTD_H 1
| #define USE_THREAD_ALLOC 1
| #define _REENTRANT 1
| #define _THREAD_SAFE 1
| #define HAVE_PTHREAD_ATTR_SETSTACKSIZE 1
| #define HAVE_PTHREAD_ATFORK 1
| #define TCL_THREADS 1
| #define MODULE_SCOPE extern __attribute__((__visibility__("hidden")))
| #define HAVE_HIDDEN 1
| #define HAVE_CAST_TO_UNION 1
| #define TCL_SHLIB_EXT ".so"
| #define NDEBUG 1
| #define TCL_CFG_OPTIMIZED 1
| #define _LARGEFILE64_SOURCE 1
| /* end confdefs.h.  */
| #define _LARGEFILE_SOURCE64 1
| #include <sys/stat.h>
| int
| main ()
| {
| char *p = (char *)open64;
|   ;
|   return 0;
| }
configure:7211: result:  _LARGEFILE64_SOURCE
configure:7217: checking for 64-bit integer type
configure:7241: gcc -c  -pipe  conftest.c >&5
conftest.c: In function 'main':
conftest.c:36:1: error: unknown type name '__int64'
 __int64 value = (__int64) 0;
 ^~~~~~~
conftest.c:36:18: error: '__int64' undeclared (first use in this function)
 __int64 value = (__int64) 0;
                  ^~~~~~~
conftest.c:36:18: note: each undeclared identifier is reported only once for each function it appears in
conftest.c:36:27: error: expected ',' or ';' before numeric constant
 __int64 value = (__int64) 0;
                           ^
configure:7247: $? = 1
configure: failed program was:
| /* confdefs.h.  */
| 
| #define PACKAGE_NAME "tk"
| #define PACKAGE_TARNAME "tk"
| #define PACKAGE_VERSION "8.6"
| #define PACKAGE_STRING "tk 8.6"
| #define PACKAGE_BUGREPORT ""
| #define STDC_HEADERS 1
| #define HAVE_SYS_TYPES_H 1
| #define HAVE_SYS_STAT_H 1
| #define HAVE_STDLIB_H 1
| #define HAVE_STRING_H 1
| #define HAVE_MEMORY_H 1
| #define HAVE_STRINGS_H 1
| #define HAVE_INTTYPES_H 1
| #define HAVE_STDINT_H 1
| #define HAVE_UNISTD_H 1
| #define USE_THREAD_ALLOC 1
| #define _REENTRANT 1
| #define _THREAD_SAFE 1
| #define HAVE_PTHREAD_ATTR_SETSTACKSIZE 1
| #define HAVE_PTHREAD_ATFORK 1
| #define TCL_THREADS 1
| #define MODULE_SCOPE extern __attribute__((__visibility__("hidden")))
| #define HAVE_HIDDEN 1
| #define HAVE_CAST_TO_UNION 1
| #define TCL_SHLIB_EXT ".so"
| #define NDEBUG 1
| #define TCL_CFG_OPTIMIZED 1
| #define _LARGEFILE64_SOURCE 1
| /* end confdefs.h.  */
| 
| int
| main ()
| {
| __int64 value = (__int64) 0;
|   ;
|   return 0;
| }
configure:7291: gcc -c  -pipe  conftest.c >&5
configure:7297: $? = 0
configure:7301: test -z 
			 || test ! -s conftest.err
configure:7304: $? = 0
configure:7307: test -s conftest.o
configure:7310: $? = 0
configure:7335: result: long long
configure:7339: checking for struct dirent64
configure:7362: gcc -c  -pipe  conftest.c >&5
configure:7368: $? = 0
configure:7372: test -z 
			 || test ! -s conftest.err
configure:7375: $? = 0
configure:7378: test -s conftest.o
configure:7381: $? = 0
configure:7392: result: yes
configure:7402: checking for struct stat64
configure:7425: gcc -c  -pipe  conftest.c >&5
configure:7431: $? = 0
configure:7435: test -z 
			 || test ! -s conftest.err
configure:7438: $? = 0
configure:7441: test -s conftest.o
configure:7444: $? = 0
configure:7455: result: yes
configure:7470: checking for open64
configure:7527: gcc -o conftest  -pipe   -Wl,--export-dynamic  conftest.c  -lpthread >&5
configure:7533: $? = 0
configure:7537: test -z 
			 || test ! -s conftest.err
configure:7540: $? = 0
configure:7543: test -s conftest
configure:7546: $? = 0
configure:7558: result: yes
configure:7470: checking for lseek64
configure:7527: gcc -o conftest  -pipe   -Wl,--export-dynamic  conftest.c  -lpthread >&5
configure:7533: $? = 0
configure:7537: test -z 
			 || test ! -s conftest.err
configure:7540: $? = 0
configure:7543: test -s conftest
configure:7546: $? = 0
configure:7558: result: yes
configure:7568: checking for off64_t
configure:7591: gcc -c  -pipe  conftest.c >&5
configure:7597: $? = 0
configure:7601: test -z 
			 || test ! -s conftest.err
configure:7604: $? = 0
configure:7607: test -s conftest.o
configure:7610: $? = 0
configure:7630: result: yes
configure:7643: checking whether byte ordering is bigendian
configure:7670: gcc -c  -pipe  conftest.c >&5
configure:7676: $? = 0
configure:7680: test -z 
			 || test ! -s conftest.err
configure:7683: $? = 0
configure:7686: test -s conftest.o
configure:7689: $? = 0
configure:7713: gcc -c  -pipe  conftest.c >&5
conftest.c: In function 'main':
conftest.c:45:2: error: unknown type name 'not'
  not big endian
  ^~~
conftest.c:45:10: error: expected '=', ',', ';', 'asm' or '__attribute__' before 'endian'
  not big endian
          ^~~~~~
configure:7719: $? = 1
configure: failed program was:
| /* confdefs.h.  */
| 
| #define PACKAGE_NAME "tk"
| #define PACKAGE_TARNAME "tk"
| #define PACKAGE_VERSION "8.6"
| #define PACKAGE_STRING "tk 8.6"
| #define PACKAGE_BUGREPORT ""
| #define STDC_HEADERS 1
| #define HAVE_SYS_TYPES_H 1
| #define HAVE_SYS_STAT_H 1
| #define HAVE_STDLIB_H 1
| #define HAVE_STRING_H 1
| #define HAVE_MEMORY_H 1
| #define HAVE_STRINGS_H 1
| #define HAVE_INTTYPES_H 1
| #define HAVE_STDINT_H 1
| #define HAVE_UNISTD_H 1
| #define USE_THREAD_ALLOC 1
| #define _REENTRANT 1
| #define _THREAD_SAFE 1
| #define HAVE_PTHREAD_ATTR_SETSTACKSIZE 1
| #define HAVE_PTHREAD_ATFORK 1
| #define TCL_THREADS 1
| #define MODULE_SCOPE extern __attribute__((__visibility__("hidden")))
| #define HAVE_HIDDEN 1
| #define HAVE_CAST_TO_UNION 1
| #define TCL_SHLIB_EXT ".so"
| #define NDEBUG 1
| #define TCL_CFG_OPTIMIZED 1
| #define _LARGEFILE64_SOURCE 1
| #define TCL_WIDE_INT_TYPE long long
| #define HAVE_STRUCT_DIRENT64 1
| #define HAVE_STRUCT_STAT64 1
| #define HAVE_OPEN64 1
| #define HAVE_LSEEK64 1
| #define HAVE_TYPE_OFF64_T 1
| /* end confdefs.h.  */
| #include <sys/types.h>
| #include <sys/param.h>
| 
| int
| main ()
| {
| #if BYTE_ORDER != BIG_ENDIAN
|  not big endian
| #endif
| 
|   ;
|   return 0;
| }
configure:7854: result: no
configure:7904: checking for fd_set in sys/types
configure:7926: gcc -c  -pipe  conftest.c >&5
configure:7932: $? = 0
configure:7936: test -z 
			 || test ! -s conftest.err
configure:7939: $? = 0
configure:7942: test -s conftest.o
configure:7945: $? = 0
configure:7956: result: yes
configure:8021: checking sys/time.h usability
configure:8033: gcc -c  -pipe  conftest.c >&5
configure:8039: $? = 0
configure:8043: test -z 
			 || test ! -s conftest.err
configure:8046: $? = 0
configure:8049: test -s conftest.o
configure:8052: $? = 0
configure:8062: result: yes
configure:8066: checking sys/time.h presence
configure:8076: gcc -E  conftest.c
configure:8082: $? = 0
configure:8102: result: yes
configure:8137: checking for sys/time.h
configure:8144: result: yes
configure:8157: checking whether time.h and sys/time.h may both be included
configure:8182: gcc -c  -pipe  conftest.c >&5
configure:8188: $? = 0
configure:8192: test -z 
			 || test ! -s conftest.err
configure:8195: $? = 0
configure:8198: test -s conftest.o
configure:8201: $? = 0
configure:8212: result: yes
configure:8231: checking for strtod
configure:8288: gcc -o conftest  -pipe   -Wl,--export-dynamic  conftest.c  -lpthread >&5
configure:8294: $? = 0
configure:8298: test -z 
			 || test ! -s conftest.err
configure:8301: $? = 0
configure:8304: test -s conftest
configure:8307: $? = 0
configure:8319: result: yes
configure:8328: checking for Solaris2.4/Tru64 strtod bugs
configure:8365: gcc -o conftest  -pipe   -Wl,--export-dynamic  conftest.c  -lpthread >&5
conftest.c: In function 'main':
conftest.c:48:4: warning: implicit declaration of function 'exit' [-Wimplicit-function-declaration]
    exit(1);
    ^~~~
conftest.c:48:4: warning: incompatible implicit declaration of built-in function 'exit'
conftest.c:48:4: note: include '<stdlib.h>' or provide a declaration of 'exit'
conftest.c:52:4: warning: incompatible implicit declaration of built-in function 'exit'
    exit(1);
    ^~~~
conftest.c:52:4: note: include '<stdlib.h>' or provide a declaration of 'exit'
conftest.c:56:4: warning: incompatible implicit declaration of built-in function 'exit'
    exit(1);
    ^~~~
conftest.c:56:4: note: include '<stdlib.h>' or provide a declaration of 'exit'
conftest.c:58:7: warning: incompatible implicit declaration of built-in function 'exit'
       exit(0);
       ^~~~
conftest.c:58:7: note: include '<stdlib.h>' or provide a declaration of 'exit'
configure:8368: $? = 0
configure:8370: ./conftest
configure:8373: $? = 0
configure:8387: result: ok
configure:8413: checking for mode_t
configure:8437: gcc -c  -pipe  conftest.c >&5
configure:8443: $? = 0
configure:8447: test -z 
			 || test ! -s conftest.err
configure:8450: $? = 0
configure:8453: test -s conftest.o
configure:8456: $? = 0
configure:8467: result: yes
configure:8479: checking for pid_t
configure:8503: gcc -c  -pipe  conftest.c >&5
configure:8509: $? = 0
configure:8513: test -z 
			 || test ! -s conftest.err
configure:8516: $? = 0
configure:8519: test -s conftest.o
configure:8522: $? = 0
configure:8533: result: yes
configure:8545: checking for size_t
configure:8569: gcc -c  -pipe  conftest.c >&5
configure:8575: $? = 0
configure:8579: test -z 
			 || test ! -s conftest.err
configure:8582: $? = 0
configure:8585: test -s conftest.o
configure:8588: $? = 0
configure:8599: result: yes
configure:8611: checking for uid_t in sys/types.h
configure:8634: result: yes
configure:8650: checking for intptr_t
configure:8674: gcc -c  -pipe  conftest.c >&5
configure:8680: $? = 0
configure:8684: test -z 
			 || test ! -s conftest.err
configure:8687: $? = 0
configure:8690: test -s conftest.o
configure:8693: $? = 0
configure:8704: result: yes
configure:8785: checking for uintptr_t
configure:8809: gcc -c  -pipe  conftest.c >&5
configure:8815: $? = 0
configure:8819: test -z 
			 || test ! -s conftest.err
configure:8822: $? = 0
configure:8825: test -s conftest.o
configure:8828: $? = 0
configure:8839: result: yes
configure:8926: checking pw_gecos in struct pwd
configure:8948: gcc -c  -pipe  conftest.c >&5
configure:8954: $? = 0
configure:8958: test -z 
			 || test ! -s conftest.err
configure:8961: $? = 0
configure:8964: test -s conftest.o
configure:8967: $? = 0
configure:8978: result: yes
configure:9488: checking for X
configure:9593: gcc -E  conftest.c
configure:9599: $? = 0
configure:9649: gcc -o conftest  -pipe   -Wl,--export-dynamic  conftest.c -lX11  -lpthread >&5
configure:9655: $? = 0
configure:9659: test -z 
			 || test ! -s conftest.err
configure:9662: $? = 0
configure:9665: test -s conftest
configure:9668: $? = 0
configure:9718: result: libraries , headers 
configure:9733: gcc -E  conftest.c
configure:9739: $? = 0
configure:9968: checking for main in -lXbsd
configure:9992: gcc -o conftest  -pipe   -Wl,--export-dynamic  conftest.c -lXbsd   -lpthread >&5
/usr/bin/ld: cannot find -lXbsd
collect2: error: ld returned 1 exit status
configure:9998: $? = 1
configure: failed program was:
| /* confdefs.h.  */
| 
| #define PACKAGE_NAME "tk"
| #define PACKAGE_TARNAME "tk"
| #define PACKAGE_VERSION "8.6"
| #define PACKAGE_STRING "tk 8.6"
| #define PACKAGE_BUGREPORT ""
| #define STDC_HEADERS 1
| #define HAVE_SYS_TYPES_H 1
| #define HAVE_SYS_STAT_H 1
| #define HAVE_STDLIB_H 1
| #define HAVE_STRING_H 1
| #define HAVE_MEMORY_H 1
| #define HAVE_STRINGS_H 1
| #define HAVE_INTTYPES_H 1
| #define HAVE_STDINT_H 1
| #define HAVE_UNISTD_H 1
| #define USE_THREAD_ALLOC 1
| #define _REENTRANT 1
| #define _THREAD_SAFE 1
| #define HAVE_PTHREAD_ATTR_SETSTACKSIZE 1
| #define HAVE_PTHREAD_ATFORK 1
| #define TCL_THREADS 1
| #define MODULE_SCOPE extern __attribute__((__visibility__("hidden")))
| #define HAVE_HIDDEN 1
| #define HAVE_CAST_TO_UNION 1
| #define TCL_SHLIB_EXT ".so"
| #define NDEBUG 1
| #define TCL_CFG_OPTIMIZED 1
| #define _LARGEFILE64_SOURCE 1
| #define TCL_WIDE_INT_TYPE long long
| #define HAVE_STRUCT_DIRENT64 1
| #define HAVE_STRUCT_STAT64 1
| #define HAVE_OPEN64 1
| #define HAVE_LSEEK64 1
| #define HAVE_TYPE_OFF64_T 1
| #define HAVE_SYS_TIME_H 1
| #define TIME_WITH_SYS_TIME 1
| #define HAVE_INTPTR_T 1
| #define HAVE_UINTPTR_T 1
| #define HAVE_PW_GECOS 1
| /* end confdefs.h.  */
| 
| 
| int
| main ()
| {
| main ();
|   ;
|   return 0;
| }
configure:10024: result: no
configure:10115: checking whether to use xft
configure:10138: result: no
configure:10405: checking for X11/XKBlib.h
configure:10421: gcc -c  -pipe   conftest.c >&5
configure:10427: $? = 0
configure:10431: test -z 
			 || test ! -s conftest.err
configure:10434: $? = 0
configure:10437: test -s conftest.o
configure:10440: $? = 0
configure:10451: result: yes
configure:10465: checking for XkbKeycodeToKeysym in -lX11
configure:10495: gcc -o conftest  -pipe    -Wl,--export-dynamic  conftest.c -lX11   -lpthread -lX11 >&5
configure:10501: $? = 0
configure:10505: test -z 
			 || test ! -s conftest.err
configure:10508: $? = 0
configure:10511: test -s conftest
configure:10514: $? = 0
configure:10527: result: yes
configure:10558: checking whether XKeycodeToKeysym is deprecated
configure:10582: gcc -o conftest  -pipe -Werror   -Wl,--export-dynamic  conftest.c  -lpthread >&5
conftest.c: In function 'main':
conftest.c:51:2: error: 'XKeycodeToKeysym' is deprecated [-Werror=deprecated-declarations]
  XKeycodeToKeysym(0,0,0);
  ^~~~~~~~~~~~~~~~
In file included from conftest.c:45:0:
/usr/include/X11/Xlib.h:1687:15: note: declared here
 extern KeySym XKeycodeToKeysym(
               ^~~~~~~~~~~~~~~~
cc1: all warnings being treated as errors
configure:10588: $? = 1
configure: failed program was:
| /* confdefs.h.  */
| 
| #define PACKAGE_NAME "tk"
| #define PACKAGE_TARNAME "tk"
| #define PACKAGE_VERSION "8.6"
| #define PACKAGE_STRING "tk 8.6"
| #define PACKAGE_BUGREPORT ""
| #define STDC_HEADERS 1
| #define HAVE_SYS_TYPES_H 1
| #define HAVE_SYS_STAT_H 1
| #define HAVE_STDLIB_H 1
| #define HAVE_STRING_H 1
| #define HAVE_MEMORY_H 1
| #define HAVE_STRINGS_H 1
| #define HAVE_INTTYPES_H 1
| #define HAVE_STDINT_H 1
| #define HAVE_UNISTD_H 1
| #define USE_THREAD_ALLOC 1
| #define _REENTRANT 1
| #define _THREAD_SAFE 1
| #define HAVE_PTHREAD_ATTR_SETSTACKSIZE 1
| #define HAVE_PTHREAD_ATFORK 1
| #define TCL_THREADS 1
| #define MODULE_SCOPE extern __attribute__((__visibility__("hidden")))
| #define HAVE_HIDDEN 1
| #define HAVE_CAST_TO_UNION 1
| #define TCL_SHLIB_EXT ".so"
| #define NDEBUG 1
| #define TCL_CFG_OPTIMIZED 1
| #define _LARGEFILE64_SOURCE 1
| #define TCL_WIDE_INT_TYPE long long
| #define HAVE_STRUCT_DIRENT64 1
| #define HAVE_STRUCT_STAT64 1
| #define HAVE_OPEN64 1
| #define HAVE_LSEEK64 1
| #define HAVE_TYPE_OFF64_T 1
| #define HAVE_SYS_TIME_H 1
| #define TIME_WITH_SYS_TIME 1
| #define HAVE_INTPTR_T 1
| #define HAVE_UINTPTR_T 1
| #define HAVE_PW_GECOS 1
| #define HAVE_XKBKEYCODETOKEYSYM 1
| /* end confdefs.h.  */
| 
| 	#include <X11/Xlib.h>
| 
| int
| main ()
| {
| 
| 	XKeycodeToKeysym(0,0,0);
| 
|   ;
|   return 0;
| }
configure:10612: result: yes
configure:10642: checking whether to try to use XScreenSaver
configure:10655: result: yes
configure:10657: checking for X11/extensions/scrnsaver.h
configure:10673: gcc -c  -pipe   conftest.c >&5
configure:10679: $? = 0
configure:10683: test -z 
			 || test ! -s conftest.err
configure:10686: $? = 0
configure:10689: test -s conftest.o
configure:10692: $? = 0
configure:10703: result: yes
configure:10712: checking for XScreenSaverQueryInfo
configure:10769: gcc -o conftest  -pipe    -Wl,--export-dynamic  conftest.c  -lpthread -lX11 >&5
/tmp/ccUUW8Mb.o: In function `main':
conftest.c:(.text+0x38): undefined reference to `XScreenSaverQueryInfo'
/tmp/ccUUW8Mb.o:(.data+0x0): undefined reference to `XScreenSaverQueryInfo'
collect2: error: ld returned 1 exit status
configure:10775: $? = 1
configure: failed program was:
| /* confdefs.h.  */
| 
| #define PACKAGE_NAME "tk"
| #define PACKAGE_TARNAME "tk"
| #define PACKAGE_VERSION "8.6"
| #define PACKAGE_STRING "tk 8.6"
| #define PACKAGE_BUGREPORT ""
| #define STDC_HEADERS 1
| #define HAVE_SYS_TYPES_H 1
| #define HAVE_SYS_STAT_H 1
| #define HAVE_STDLIB_H 1
| #define HAVE_STRING_H 1
| #define HAVE_MEMORY_H 1
| #define HAVE_STRINGS_H 1
| #define HAVE_INTTYPES_H 1
| #define HAVE_STDINT_H 1
| #define HAVE_UNISTD_H 1
| #define USE_THREAD_ALLOC 1
| #define _REENTRANT 1
| #define _THREAD_SAFE 1
| #define HAVE_PTHREAD_ATTR_SETSTACKSIZE 1
| #define HAVE_PTHREAD_ATFORK 1
| #define TCL_THREADS 1
| #define MODULE_SCOPE extern __attribute__((__visibility__("hidden")))
| #define HAVE_HIDDEN 1
| #define HAVE_CAST_TO_UNION 1
| #define TCL_SHLIB_EXT ".so"
| #define NDEBUG 1
| #define TCL_CFG_OPTIMIZED 1
| #define _LARGEFILE64_SOURCE 1
| #define TCL_WIDE_INT_TYPE long long
| #define HAVE_STRUCT_DIRENT64 1
| #define HAVE_STRUCT_STAT64 1
| #define HAVE_OPEN64 1
| #define HAVE_LSEEK64 1
| #define HAVE_TYPE_OFF64_T 1
| #define HAVE_SYS_TIME_H 1
| #define TIME_WITH_SYS_TIME 1
| #define HAVE_INTPTR_T 1
| #define HAVE_UINTPTR_T 1
| #define HAVE_PW_GECOS 1
| #define HAVE_XKBKEYCODETOKEYSYM 1
| #define XKEYCODETOKEYSYM_IS_DEPRECATED 1
| /* end confdefs.h.  */
| /* Define XScreenSaverQueryInfo to an innocuous variant, in case <limits.h> declares XScreenSaverQueryInfo.
|    For example, HP-UX 11i <limits.h> declares gettimeofday.  */
| #define XScreenSaverQueryInfo innocuous_XScreenSaverQueryInfo
| 
| /* System header to define __stub macros and hopefully few prototypes,
|     which can conflict with char XScreenSaverQueryInfo (); below.
|     Prefer <limits.h> to <assert.h> if __STDC__ is defined, since
|     <limits.h> exists even on freestanding compilers.  */
| 
| #ifdef __STDC__
| # include <limits.h>
| #else
| # include <assert.h>
| #endif
| 
| #undef XScreenSaverQueryInfo
| 
| /* Override any gcc2 internal prototype to avoid an error.  */
| #ifdef __cplusplus
| extern "C"
| {
| #endif
| /* We use char because int might match the return type of a gcc2
|    builtin and then its argument prototype would still apply.  */
| char XScreenSaverQueryInfo ();
| /* The GNU C library defines this for functions which it implements
|     to always fail with ENOSYS.  Some functions are actually named
|     something starting with __ and the normal name is an alias.  */
| #if defined (__stub_XScreenSaverQueryInfo) || defined (__stub___XScreenSaverQueryInfo)
| choke me
| #else
| char (*f) () = XScreenSaverQueryInfo;
| #endif
| #ifdef __cplusplus
| }
| #endif
| 
| int
| main ()
| {
| return f != XScreenSaverQueryInfo;
|   ;
|   return 0;
| }
configure:10800: result: no
configure:10806: checking for XScreenSaverQueryInfo in -lXext
configure:10836: gcc -o conftest  -pipe    -Wl,--export-dynamic  conftest.c -lXext   -lpthread -lX11 >&5
/tmp/ccDEjzGt.o: In function `main':
conftest.c:(.text+0x8): undefined reference to `XScreenSaverQueryInfo'
collect2: error: ld returned 1 exit status
configure:10842: $? = 1
configure: failed program was:
| /* confdefs.h.  */
| 
| #define PACKAGE_NAME "tk"
| #define PACKAGE_TARNAME "tk"
| #define PACKAGE_VERSION "8.6"
| #define PACKAGE_STRING "tk 8.6"
| #define PACKAGE_BUGREPORT ""
| #define STDC_HEADERS 1
| #define HAVE_SYS_TYPES_H 1
| #define HAVE_SYS_STAT_H 1
| #define HAVE_STDLIB_H 1
| #define HAVE_STRING_H 1
| #define HAVE_MEMORY_H 1
| #define HAVE_STRINGS_H 1
| #define HAVE_INTTYPES_H 1
| #define HAVE_STDINT_H 1
| #define HAVE_UNISTD_H 1
| #define USE_THREAD_ALLOC 1
| #define _REENTRANT 1
| #define _THREAD_SAFE 1
| #define HAVE_PTHREAD_ATTR_SETSTACKSIZE 1
| #define HAVE_PTHREAD_ATFORK 1
| #define TCL_THREADS 1
| #define MODULE_SCOPE extern __attribute__((__visibility__("hidden")))
| #define HAVE_HIDDEN 1
| #define HAVE_CAST_TO_UNION 1
| #define TCL_SHLIB_EXT ".so"
| #define NDEBUG 1
| #define TCL_CFG_OPTIMIZED 1
| #define _LARGEFILE64_SOURCE 1
| #define TCL_WIDE_INT_TYPE long long
| #define HAVE_STRUCT_DIRENT64 1
| #define HAVE_STRUCT_STAT64 1
| #define HAVE_OPEN64 1
| #define HAVE_LSEEK64 1
| #define HAVE_TYPE_OFF64_T 1
| #define HAVE_SYS_TIME_H 1
| #define TIME_WITH_SYS_TIME 1
| #define HAVE_INTPTR_T 1
| #define HAVE_UINTPTR_T 1
| #define HAVE_PW_GECOS 1
| #define HAVE_XKBKEYCODETOKEYSYM 1
| #define XKEYCODETOKEYSYM_IS_DEPRECATED 1
| /* end confdefs.h.  */
| 
| /* Override any gcc2 internal prototype to avoid an error.  */
| #ifdef __cplusplus
| extern "C"
| #endif
| /* We use char because int might match the return type of a gcc2
|    builtin and then its argument prototype would still apply.  */
| char XScreenSaverQueryInfo ();
| int
| main ()
| {
| XScreenSaverQueryInfo ();
|   ;
|   return 0;
| }
configure:10868: result: no
configure:10877: checking for XScreenSaverQueryInfo in -lXss
configure:10907: gcc -o conftest  -pipe    -Wl,--export-dynamic  conftest.c -lXss -lXext  -lpthread -lX11 >&5
configure:10913: $? = 0
configure:10917: test -z 
			 || test ! -s conftest.err
configure:10920: $? = 0
configure:10923: test -s conftest
configure:10926: $? = 0
configure:10939: result: yes
configure:10978: checking whether char is unsigned
configure:11001: gcc -c  -pipe  conftest.c >&5
conftest.c: In function 'main':
conftest.c:83:12: error: size of array 'test_array' is negative
 static int test_array [1 - 2 * !(((char) -1) < 0)];
            ^~~~~~~~~~
configure:11007: $? = 1
configure: failed program was:
| /* confdefs.h.  */
| 
| #define PACKAGE_NAME "tk"
| #define PACKAGE_TARNAME "tk"
| #define PACKAGE_VERSION "8.6"
| #define PACKAGE_STRING "tk 8.6"
| #define PACKAGE_BUGREPORT ""
| #define STDC_HEADERS 1
| #define HAVE_SYS_TYPES_H 1
| #define HAVE_SYS_STAT_H 1
| #define HAVE_STDLIB_H 1
| #define HAVE_STRING_H 1
| #define HAVE_MEMORY_H 1
| #define HAVE_STRINGS_H 1
| #define HAVE_INTTYPES_H 1
| #define HAVE_STDINT_H 1
| #define HAVE_UNISTD_H 1
| #define USE_THREAD_ALLOC 1
| #define _REENTRANT 1
| #define _THREAD_SAFE 1
| #define HAVE_PTHREAD_ATTR_SETSTACKSIZE 1
| #define HAVE_PTHREAD_ATFORK 1
| #define TCL_THREADS 1
| #define MODULE_SCOPE extern __attribute__((__visibility__("hidden")))
| #define HAVE_HIDDEN 1
| #define HAVE_CAST_TO_UNION 1
| #define TCL_SHLIB_EXT ".so"
| #define NDEBUG 1
| #define TCL_CFG_OPTIMIZED 1
| #define _LARGEFILE64_SOURCE 1
| #define TCL_WIDE_INT_TYPE long long
| #define HAVE_STRUCT_DIRENT64 1
| #define HAVE_STRUCT_STAT64 1
| #define HAVE_OPEN64 1
| #define HAVE_LSEEK64 1
| #define HAVE_TYPE_OFF64_T 1
| #define HAVE_SYS_TIME_H 1
| #define TIME_WITH_SYS_TIME 1
| #define HAVE_INTPTR_T 1
| #define HAVE_UINTPTR_T 1
| #define HAVE_PW_GECOS 1
| #define HAVE_XKBKEYCODETOKEYSYM 1
| #define XKEYCODETOKEYSYM_IS_DEPRECATED 1
| #define HAVE_XSS 1
| /* end confdefs.h.  */
| #include <stdio.h>
| #if HAVE_SYS_TYPES_H
| # include <sys/types.h>
| #endif
| #if HAVE_SYS_STAT_H
| # include <sys/stat.h>
| #endif
| #if STDC_HEADERS
| # include <stdlib.h>
| # include <stddef.h>
| #else
| # if HAVE_STDLIB_H
| #  include <stdlib.h>
| # endif
| #endif
| #if HAVE_STRING_H
| # if !STDC_HEADERS && HAVE_MEMORY_H
| #  include <memory.h>
| # endif
| # include <string.h>
| #endif
| #if HAVE_STRINGS_H
| # include <strings.h>
| #endif
| #if HAVE_INTTYPES_H
| # include <inttypes.h>
| #else
| # if HAVE_STDINT_H
| #  include <stdint.h>
| # endif
| #endif
| #if HAVE_UNISTD_H
| # include <unistd.h>
| #endif
| int
| main ()
| {
| static int test_array [1 - 2 * !(((char) -1) < 0)];
| test_array [0] = 0
| 
|   ;
|   return 0;
| }
configure:11031: result: yes
configure:11399: creating ./config.status

## ---------------------- ##
## Running config.status. ##
## ---------------------- ##

This file was extended by tk config.status 8.6, which was
generated by GNU Autoconf 2.59.  Invocation command line was

  CONFIG_FILES    = 
  CONFIG_HEADERS  = 
  CONFIG_LINKS    = 
  CONFIG_COMMANDS = 
  $ ./config.status 

on raspberrypi

config.status:738: creating Makefile
config.status:738: creating tkConfig.sh
config.status:738: creating tk.pc

## ---------------- ##
## Cache variables. ##
## ---------------- ##

ac_cv_c_bigendian=no
ac_cv_c_char_unsigned=yes
ac_cv_c_compiler_gnu=yes
ac_cv_c_inline=inline
ac_cv_c_tclconfig=/home/pi/Downloads/tcl8.6.8/unix
ac_cv_env_CC_set=
ac_cv_env_CC_value=
ac_cv_env_CFLAGS_set=
ac_cv_env_CFLAGS_value=
ac_cv_env_CPPFLAGS_set=
ac_cv_env_CPPFLAGS_value=
ac_cv_env_CPP_set=
ac_cv_env_CPP_value=
ac_cv_env_LDFLAGS_set=
ac_cv_env_LDFLAGS_value=
ac_cv_env_build_alias_set=
ac_cv_env_build_alias_value=
ac_cv_env_host_alias_set=
ac_cv_env_host_alias_value=
ac_cv_env_target_alias_set=
ac_cv_env_target_alias_value=
ac_cv_exeext=
ac_cv_func_XScreenSaverQueryInfo=no
ac_cv_func_lseek64=yes
ac_cv_func_open64=yes
ac_cv_func_pthread_atfork=yes
ac_cv_func_pthread_attr_setstacksize=yes
ac_cv_func_strtod=yes
ac_cv_have_x='have_x=yes 		ac_x_includes= ac_x_libraries='
ac_cv_header_X11_XKBlib_h=yes
ac_cv_header_X11_extensions_scrnsaver_h=yes
ac_cv_header_inttypes_h=yes
ac_cv_header_memory_h=yes
ac_cv_header_stdc=yes
ac_cv_header_stdint_h=yes
ac_cv_header_stdlib_h=yes
ac_cv_header_string_h=yes
ac_cv_header_strings_h=yes
ac_cv_header_sys_stat_h=yes
ac_cv_header_sys_time_h=yes
ac_cv_header_sys_types_h=yes
ac_cv_header_time=yes
ac_cv_header_unistd_h=yes
ac_cv_lib_X11_XkbKeycodeToKeysym=yes
ac_cv_lib_Xbsd_main=no
ac_cv_lib_Xext_XScreenSaverQueryInfo=no
ac_cv_lib_Xss_XScreenSaverQueryInfo=yes
ac_cv_lib_dl_dlopen=yes
ac_cv_lib_pthread_pthread_mutex_init=yes
ac_cv_objext=o
ac_cv_path_tclsh=/usr/local/bin/tclsh8.6
ac_cv_prog_CPP='gcc -E'
ac_cv_prog_ac_ct_AR=ar
ac_cv_prog_ac_ct_CC=gcc
ac_cv_prog_ac_ct_RANLIB=ranlib
ac_cv_prog_cc_g=yes
ac_cv_prog_cc_stdc=
ac_cv_prog_egrep='grep -E'
ac_cv_type_intptr_t=yes
ac_cv_type_mode_t=yes
ac_cv_type_pid_t=yes
ac_cv_type_size_t=yes
ac_cv_type_uid_t=yes
ac_cv_type_uintptr_t=yes
tcl_cv_cast_to_union=yes
tcl_cv_cc_pipe=yes
tcl_cv_cc_visibility_hidden=yes
tcl_cv_flag__isoc99_source=no
tcl_cv_flag__largefile64_source=yes
tcl_cv_flag__largefile_source64=no
tcl_cv_pwd_pw_gecos=yes
tcl_cv_strtod_buggy=ok
tcl_cv_struct_dirent64=yes
tcl_cv_struct_stat64=yes
tcl_cv_sys_version=Linux-4.14.70-v7+
tcl_cv_type_64bit='long long'
tcl_cv_type_fd_set=yes
tcl_cv_type_off64_t=yes

## ----------------- ##
## Output variables. ##
## ----------------- ##

APP_RSRC_FILE=''
AR='ar'
BUILD_TCLSH='/home/pi/Downloads/tcl8.6.8/unix/tclsh'
CC='gcc'
CC_SEARCH_FLAGS='-Wl,-rpath,${LIB_RUNTIME_DIR}'
CFBUNDLELOCALIZATIONS=''
CFLAGS=' -pipe '
CFLAGS_DEBUG='-g'
CFLAGS_DEFAULT='$(CFLAGS_OPTIMIZE)'
CFLAGS_OPTIMIZE='-O2'
CFLAGS_WARNING='-Wall'
CPP='gcc -E'
CPPFLAGS=''
DEFS='-DPACKAGE_NAME=\"tk\" -DPACKAGE_TARNAME=\"tk\" -DPACKAGE_VERSION=\"8.6\" -DPACKAGE_STRING=\"tk\ 8.6\" -DPACKAGE_BUGREPORT=\"\" -DSTDC_HEADERS=1 -DHAVE_SYS_TYPES_H=1 -DHAVE_SYS_STAT_H=1 -DHAVE_STDLIB_H=1 -DHAVE_STRING_H=1 -DHAVE_MEMORY_H=1 -DHAVE_STRINGS_H=1 -DHAVE_INTTYPES_H=1 -DHAVE_STDINT_H=1 -DHAVE_UNISTD_H=1 -DUSE_THREAD_ALLOC=1 -D_REENTRANT=1 -D_THREAD_SAFE=1 -DHAVE_PTHREAD_ATTR_SETSTACKSIZE=1 -DHAVE_PTHREAD_ATFORK=1 -DTCL_THREADS=1 -DMODULE_SCOPE=extern\ __attribute__\(\(__visibility__\(\"hidden\"\)\)\) -DHAVE_HIDDEN=1 -DHAVE_CAST_TO_UNION=1 -DTCL_SHLIB_EXT=\".so\" -DNDEBUG=1 -DTCL_CFG_OPTIMIZED=1 -D_LARGEFILE64_SOURCE=1 -DTCL_WIDE_INT_TYPE=long\ long -DHAVE_STRUCT_DIRENT64=1 -DHAVE_STRUCT_STAT64=1 -DHAVE_OPEN64=1 -DHAVE_LSEEK64=1 -DHAVE_TYPE_OFF64_T=1 -DHAVE_SYS_TIME_H=1 -DTIME_WITH_SYS_TIME=1 -DHAVE_INTPTR_T=1 -DHAVE_UINTPTR_T=1 -DHAVE_PW_GECOS=1 -DHAVE_XKBKEYCODETOKEYSYM=1 -DXKEYCODETOKEYSYM_IS_DEPRECATED=1 -DHAVE_XSS=1 '
DLL_INSTALL_DIR='$(LIB_INSTALL_DIR)'
DL_LIBS='-ldl'
DL_OBJS='tclLoadDl.o'
ECHO_C=''
ECHO_N='-n'
ECHO_T=''
EGREP='grep -E'
EXEEXT=''
EXTRA_APP_CC_SWITCHES=''
EXTRA_BUILD_HTML=''
EXTRA_CC_SWITCHES=''
EXTRA_INSTALL=''
EXTRA_INSTALL_BINARIES=''
EXTRA_WISH_LIBS=''
HTML_DIR='$(DISTDIR)/html'
INSTALL_LIB='$(INSTALL_LIBRARY) $(LIB_FILE) "$(LIB_INSTALL_DIR)/$(LIB_FILE)"'
INSTALL_STUB_LIB='$(INSTALL_LIBRARY) $(STUB_LIB_FILE) "$(LIB_INSTALL_DIR)/$(STUB_LIB_FILE)"'
LDAIX_SRC=''
LDFLAGS=' -Wl,--export-dynamic '
LDFLAGS_DEBUG=''
LDFLAGS_DEFAULT='$(LDFLAGS_OPTIMIZE)'
LDFLAGS_OPTIMIZE=''
LD_LIBRARY_PATH_VAR='LD_LIBRARY_PATH'
LD_SEARCH_FLAGS='-Wl,-rpath,${LIB_RUNTIME_DIR}'
LIBOBJS=''
LIBS=' -lpthread'
LIB_RSRC_FILE=''
LIB_RUNTIME_DIR='$(libdir)'
LOCALES='cs da de el en en_gb eo es fr hu it nl pl pt ru sv'
LTLIBOBJS=''
MAKE_LIB='${SHLIB_LD} -o $@ ${OBJS} ${SHLIB_LD_LIBS} ${TCL_SHLIB_LD_EXTRAS} ${TK_SHLIB_LD_EXTRAS} ${LD_SEARCH_FLAGS}'
MAKE_STUB_LIB='${STLIB_LD} $@ ${STUB_LIB_OBJS} ; ${RANLIB} $@'
MAN_FLAGS=''
OBJEXT='o'
PACKAGE_BUGREPORT=''
PACKAGE_NAME='tk'
PACKAGE_STRING='tk 8.6'
PACKAGE_TARNAME='tk'
PACKAGE_VERSION='8.6'
PATH_SEPARATOR=':'
PLAT_OBJS=''
PLAT_SRCS=''
PRIVATE_INCLUDE_DIR='$(includedir)'
RANLIB='ranlib'
REZ=''
REZ_FLAGS=''
SHELL='/bin/bash'
SHLIB_CFLAGS='-fPIC'
SHLIB_LD='${CC} -shared ${CFLAGS} ${LDFLAGS}'
SHLIB_LD_LIBS='${LIBS} ${TCL_STUB_LIB_SPEC}'
SHLIB_SUFFIX='.so'
STLIB_LD='${AR} cr'
TCLSH_PROG='/usr/local/bin/tclsh8.6'
TCL_BIN_DIR='/home/pi/Downloads/tcl8.6.8/unix'
TCL_LIBS='-ldl -lz  -lpthread -lieee -lm'
TCL_LIB_FILE='libtcl8.6.so'
TCL_LIB_FLAG='-ltcl8.6'
TCL_LIB_SPEC='-L/home/pi/Downloads/tcl8.6.8/unix -ltcl8.6'
TCL_PATCH_LEVEL='.8'
TCL_SHLIB_LD_EXTRAS=''
TCL_SRC_DIR='/home/pi/Downloads/tcl8.6.8'
TCL_STUB_FLAGS='-DUSE_TCL_STUBS'
TCL_STUB_LIB_FILE='libtclstub8.6.a'
TCL_STUB_LIB_FLAG='-ltclstub8.6'
TCL_STUB_LIB_SPEC='-L/home/pi/Downloads/tcl8.6.8/unix -ltclstub8.6'
TCL_THREADS='1'
TCL_VERSION='8.6'
TK_BUILD_LIB_SPEC='-L/home/pi/Downloads/tk8.6.8/unix -ltk8.6'
TK_BUILD_STUB_LIB_PATH='/home/pi/Downloads/tk8.6.8/unix/libtkstub8.6.a'
TK_BUILD_STUB_LIB_SPEC='-L/home/pi/Downloads/tk8.6.8/unix -ltkstub8.6'
TK_INCLUDE_SPEC='-I/usr/local/include'
TK_LIBRARY='$(prefix)/lib/tk$(VERSION)'
TK_LIB_FILE='libtk8.6.so'
TK_LIB_FLAG='-ltk8.6'
TK_LIB_SPEC='-L/usr/local/lib -ltk8.6'
TK_MAJOR_VERSION='8'
TK_MINOR_VERSION='6'
TK_PATCH_LEVEL='.8'
TK_PKG_DIR='tk$(VERSION)'
TK_RSRC_FILE='tk$(VERSION).rsrc'
TK_SHARED_BUILD='1'
TK_SHLIB_LD_EXTRAS=''
TK_SRC_DIR='/home/pi/Downloads/tk8.6.8'
TK_STUB_LIB_FILE='libtkstub8.6.a'
TK_STUB_LIB_FLAG='-ltkstub8.6'
TK_STUB_LIB_PATH='/usr/local/lib/libtkstub8.6.a'
TK_STUB_LIB_SPEC='-L/usr/local/lib -ltkstub8.6'
TK_VERSION='8.6'
TK_WINDOWINGSYSTEM='X11'
TK_YEAR=''
UNIX_FONT_OBJS='tkUnixFont.o'
WISH_RSRC_FILE='wish$(VERSION).rsrc'
XFT_CFLAGS=''
XFT_LIBS=''
XINCLUDES=''
XLIBSW='-lX11 -lXss -lXext'
ac_ct_AR='ar'
ac_ct_CC='gcc'
ac_ct_RANLIB='ranlib'
bindir='${exec_prefix}/bin'
build_alias=''
datadir='${prefix}/share'
exec_prefix='/usr/local'
host_alias=''
includedir='${prefix}/include'
infodir='${prefix}/info'
libdir='/usr/local/lib'
libexecdir='${exec_prefix}/libexec'
localstatedir='${prefix}/var'
mandir='${prefix}/man'
oldincludedir='/usr/include'
prefix='/usr/local'
program_transform_name='s,x,x,'
sbindir='${exec_prefix}/sbin'
sharedstatedir='${prefix}/com'
sysconfdir='${prefix}/etc'
target_alias=''

## ----------- ##
## confdefs.h. ##
## ----------- ##

#define HAVE_CAST_TO_UNION 1
#define HAVE_HIDDEN 1
#define HAVE_INTPTR_T 1
#define HAVE_INTTYPES_H 1
#define HAVE_LSEEK64 1
#define HAVE_MEMORY_H 1
#define HAVE_OPEN64 1
#define HAVE_PTHREAD_ATFORK 1
#define HAVE_PTHREAD_ATTR_SETSTACKSIZE 1
#define HAVE_PW_GECOS 1
#define HAVE_STDINT_H 1
#define HAVE_STDLIB_H 1
#define HAVE_STRINGS_H 1
#define HAVE_STRING_H 1
#define HAVE_STRUCT_DIRENT64 1
#define HAVE_STRUCT_STAT64 1
#define HAVE_SYS_STAT_H 1
#define HAVE_SYS_TIME_H 1
#define HAVE_SYS_TYPES_H 1
#define HAVE_TYPE_OFF64_T 1
#define HAVE_UINTPTR_T 1
#define HAVE_UNISTD_H 1
#define HAVE_XKBKEYCODETOKEYSYM 1
#define HAVE_XSS 1
#define MODULE_SCOPE extern __attribute__((__visibility__("hidden")))
#define NDEBUG 1
#define PACKAGE_BUGREPORT ""
#define PACKAGE_NAME "tk"
#define PACKAGE_STRING "tk 8.6"
#define PACKAGE_TARNAME "tk"
#define PACKAGE_VERSION "8.6"
#define STDC_HEADERS 1
#define TCL_CFG_OPTIMIZED 1
#define TCL_SHLIB_EXT ".so"
#define TCL_THREADS 1
#define TCL_WIDE_INT_TYPE long long
#define TIME_WITH_SYS_TIME 1
#define USE_THREAD_ALLOC 1
#define XKEYCODETOKEYSYM_IS_DEPRECATED 1
#define _LARGEFILE64_SOURCE 1
#define _REENTRANT 1
#define _THREAD_SAFE 1

configure: exit 0
